<?xml version="1.0" encoding="UTF-8"?>
<!-- Generated by org.testng.reporters.JUnitXMLReporter -->
<testsuite ignored="0" hostname="DESKTOP-S0P6QUG" failures="0" tests="3" name="Default test" time="15.051" errors="0" timestamp="14 Sep 2021 07:27:25 GMT">
  <testcase classname="org.testng_sample.Testngpractice2" name="homepage" time="6.689"/>
  <testcase classname="org.testng_sample.Testngpractice2" name="homepage" time="3.946"/>
  <testcase classname="org.testng_sample.Testngpractice2" name="homepage" time="4.378"/>
</testsuite> <!-- Default test -->
