<?xml version="1.0" encoding="UTF-8"?>
<!-- Generated by org.testng.reporters.JUnitXMLReporter -->
<testsuite ignored="0" hostname="DESKTOP-S0P6QUG" failures="0" tests="3" name="Test" time="13.84" errors="0" timestamp="14 Sep 2021 07:31:28 GMT">
  <testcase classname="org.testng_sample.Testngpractice2" name="homepage" time="5.104"/>
  <testcase classname="org.testng_sample.Testngpractice2" name="homepage" time="4.117"/>
  <testcase classname="org.testng_sample.Testngpractice2" name="homepage" time="4.578"/>
</testsuite> <!-- Test -->
