<?xml version="1.0" encoding="UTF-8"?>
<testng-results ignored="0" total="3" passed="3" failed="0" skipped="0">
  <reporter-output>
  </reporter-output>
  <suite started-at="2021-09-14T07:31:14Z" name="Suite" finished-at="2021-09-14T07:31:28Z" duration-ms="13840">
    <groups>
    </groups>
    <test started-at="2021-09-14T07:31:14Z" name="Test" finished-at="2021-09-14T07:31:28Z" duration-ms="13840">
      <class name="org.testng_sample.Testngpractice2">
        <test-method signature="homepage(java.lang.String, java.lang.String)[pri:0, instance:org.testng_sample.Testngpractice2@15bb5034]" started-at="2021-09-14T07:31:14Z" name="homepage" data-provider="login" finished-at="2021-09-14T07:31:19Z" duration-ms="5104" status="PASS">
          <params>
            <param index="0">
              <value>
                <![CDATA[java]]>
              </value>
            </param>
            <param index="1">
              <value>
                <![CDATA[java@123]]>
              </value>
            </param>
          </params>
          <reporter-output>
          </reporter-output>
        </test-method> <!-- homepage -->
        <test-method signature="homepage(java.lang.String, java.lang.String)[pri:0, instance:org.testng_sample.Testngpractice2@15bb5034]" started-at="2021-09-14T07:31:19Z" name="homepage" data-provider="login" finished-at="2021-09-14T07:31:24Z" duration-ms="4117" status="PASS">
          <params>
            <param index="0">
              <value>
                <![CDATA[python]]>
              </value>
            </param>
            <param index="1">
              <value>
                <![CDATA[python@123]]>
              </value>
            </param>
          </params>
          <reporter-output>
          </reporter-output>
        </test-method> <!-- homepage -->
        <test-method signature="homepage(java.lang.String, java.lang.String)[pri:0, instance:org.testng_sample.Testngpractice2@15bb5034]" started-at="2021-09-14T07:31:24Z" name="homepage" data-provider="login" finished-at="2021-09-14T07:31:28Z" duration-ms="4578" status="PASS">
          <params>
            <param index="0">
              <value>
                <![CDATA[sql]]>
              </value>
            </param>
            <param index="1">
              <value>
                <![CDATA[sql@123]]>
              </value>
            </param>
          </params>
          <reporter-output>
          </reporter-output>
        </test-method> <!-- homepage -->
      </class> <!-- org.testng_sample.Testngpractice2 -->
    </test> <!-- Test -->
  </suite> <!-- Suite -->
</testng-results>
